#
# There is insufficient memory for the Java Runtime Environment to continue.
# Native memory allocation (malloc) failed to allocate 236256 bytes for Chunk::new
# Possible reasons:
#   The system is out of physical RAM or swap space
#   The process is running with CompressedOops enabled, and the Java Heap may be blocking the growth of the native heap
# Possible solutions:
#   Reduce memory load on the system
#   Increase physical memory or swap space
#   Check if swap backing store is full
#   Decrease Java heap size (-Xmx/-Xms)
#   Decrease number of Java threads
#   Decrease Java thread stack sizes (-Xss)
#   Set larger code cache with -XX:ReservedCodeCacheSize=
#   JVM is running with Unscaled Compressed Oops mode in which the Java heap is
#     placed in the first 4GB address space. The Java Heap base address is the
#     maximum limit for the native heap growth. Please use -XX:HeapBaseMinAddress
#     to set the Java Heap base and to place the Java Heap above 4GB virtual address.
# This output file may be truncated or incomplete.
#
#  Out of Memory Error (allocation.cpp:389), pid=7072, tid=0x0000000000000608
#
# JRE version: Java(TM) SE Runtime Environment (8.0_211-b12) (build 1.8.0_211-b12)
# Java VM: Java HotSpot(TM) 64-Bit Server VM (25.211-b12 mixed mode windows-amd64 compressed oops)
# Failed to write core dump. Minidumps are not enabled by default on client versions of Windows
#

---------------  T H R E A D  ---------------

Current thread (0x0000000012eb3800):  JavaThread "C2 CompilerThread1" daemon [_thread_in_native, id=1544, stack(0x0000000014610000,0x0000000014710000)]

Stack: [0x0000000014610000,0x0000000014710000]
[error occurred during error reporting (printing stack bounds), id 0xc0000005]

Native frames: (J=compiled Java code, j=interpreted, Vv=VM code, C=native code)


Current CompileTask:
C2:   1355  796       4       java.io.WinNTFileSystem::normalize (143 bytes)


---------------  P R O C E S S  ---------------

Java Threads: ( => current thread )
  0x000000001555f800 JavaThread "pool-1-thread-1" [_thread_in_vm, id=6780, stack(0x00000000165f0000,0x00000000166f0000)]
  0x0000000014838800 JavaThread "Service Thread" daemon [_thread_blocked, id=7256, stack(0x0000000014c10000,0x0000000014d10000)]
  0x0000000012ec2800 JavaThread "C1 CompilerThread2" daemon [_thread_blocked, id=9424, stack(0x0000000014710000,0x0000000014810000)]
=>0x0000000012eb3800 JavaThread "C2 CompilerThread1" daemon [_thread_in_native, id=1544, stack(0x0000000014610000,0x0000000014710000)]
  0x0000000012eb1800 JavaThread "C2 CompilerThread0" daemon [_thread_blocked, id=11744, stack(0x0000000014510000,0x0000000014610000)]
  0x0000000012eaf800 JavaThread "Attach Listener" daemon [_thread_blocked, id=7464, stack(0x0000000014410000,0x0000000014510000)]
  0x0000000012eae000 JavaThread "Signal Dispatcher" daemon [_thread_blocked, id=11396, stack(0x0000000014310000,0x0000000014410000)]
  0x0000000002b0c800 JavaThread "Finalizer" daemon [_thread_blocked, id=3160, stack(0x0000000014100000,0x0000000014200000)]
  0x0000000002b03000 JavaThread "Reference Handler" daemon [_thread_blocked, id=13696, stack(0x0000000014000000,0x0000000014100000)]
  0x0000000002a12800 JavaThread "main" [_thread_in_vm, id=9820, stack(0x00000000028a0000,0x00000000029a0000)]

Other Threads:
  0x0000000012e77000 VMThread [stack: 0x0000000013f00000,0x0000000014000000] [id=6712]
  0x0000000014869800 WatcherThread [stack: 0x0000000014d10000,0x0000000014e10000] [id=792]

VM state:not at safepoint (normal execution)

VM Mutex/Monitor currently owned by a thread: None

heap address: 0x00000000fc000000, size: 64 MB, Compressed Oops mode: 32-bit
Narrow klass base: 0x0000000000000000, Narrow klass shift: 3
Compressed class space size: 1073741824 Address: 0x0000000100000000

Heap:
 PSYoungGen      total 18944K, used 3713K [0x00000000feb00000, 0x0000000100000000, 0x0000000100000000)
  eden space 16384K, 7% used [0x00000000feb00000,0x00000000fec24650,0x00000000ffb00000)
  from space 2560K, 99% used [0x00000000ffd80000,0x00000000ffffc030,0x0000000100000000)
  to   space 2560K, 0% used [0x00000000ffb00000,0x00000000ffb00000,0x00000000ffd80000)
 ParOldGen       total 44032K, used 1464K [0x00000000fc000000, 0x00000000feb00000, 0x00000000feb00000)
  object space 44032K, 3% used [0x00000000fc000000,0x00000000fc16e338,0x00000000feb00000)
 Metaspace       used 8995K, capacity 9308K, committed 9600K, reserved 1058816K
  class space    used 1199K, capacity 1316K, committed 1408K, reserved 1048576K

Card table byte_map: [0x00000000029c0000,0x00000000029f0000] byte_map_base: 0x00000000021e0000

Marking Bits: (ParMarkBitMap*) 0x0000000054045ce0
 Begin Bits: [0x00000000122f0000, 0x00000000123f0000)
 End Bits:   [0x00000000123f0000, 0x00000000124f0000)

Polling page: 0x0000000000b60000

CodeCache: size=245760Kb used=3104Kb max_used=3117Kb free=242655Kb
 bounds [0x0000000002b10000, 0x0000000002e20000, 0x0000000011b10000]
 total_blobs=1116 nmethods=795 adapters=234
 compilation: enabled

Compilation events (10 events):
Event: 1.319 Thread 0x0000000012ec2800  791       3       java.util.zip.ZipFile$ZipFileInflaterInputStream::finalize (5 bytes)
Event: 1.319 Thread 0x0000000012ec2800 nmethod 791 0x0000000002e17090 code [0x0000000002e17200, 0x0000000002e17388]
Event: 1.319 Thread 0x0000000012ec2800  793       3       org.gradle.launcher.cli.converter.LayoutToPropertiesConverter$1::isSatisfiedBy (30 bytes)
Event: 1.320 Thread 0x0000000012ec2800 nmethod 793 0x0000000002e17410 code [0x0000000002e175a0, 0x0000000002e17a58]
Event: 1.320 Thread 0x0000000012ec2800  794       1       java.util.Hashtable$Entry::getKey (5 bytes)
Event: 1.320 Thread 0x0000000012ec2800 nmethod 794 0x0000000002e17bd0 code [0x0000000002e17d20, 0x0000000002e17e30]
Event: 1.321 Thread 0x0000000012ec2800  795       1       java.util.Hashtable$Entry::getValue (5 bytes)
Event: 1.321 Thread 0x0000000012ec2800 nmethod 795 0x0000000002e17e90 code [0x0000000002e17fe0, 0x0000000002e180f0]
Event: 1.324 Thread 0x0000000012eb1800 nmethod 782 0x0000000002e1b350 code [0x0000000002e1b4e0, 0x0000000002e1bab8]
Event: 1.325 Thread 0x0000000012eb3800  796       4       java.io.WinNTFileSystem::normalize (143 bytes)

GC Heap History (4 events):
Event: 0.919 GC heap before
{Heap before GC invocations=1 (full 0):
 PSYoungGen      total 18944K, used 16384K [0x00000000feb00000, 0x0000000100000000, 0x0000000100000000)
  eden space 16384K, 100% used [0x00000000feb00000,0x00000000ffb00000,0x00000000ffb00000)
  from space 2560K, 0% used [0x00000000ffd80000,0x00000000ffd80000,0x0000000100000000)
  to   space 2560K, 0% used [0x00000000ffb00000,0x00000000ffb00000,0x00000000ffd80000)
 ParOldGen       total 44032K, used 0K [0x00000000fc000000, 0x00000000feb00000, 0x00000000feb00000)
  object space 44032K, 0% used [0x00000000fc000000,0x00000000fc000000,0x00000000feb00000)
 Metaspace       used 6070K, capacity 6366K, committed 6528K, reserved 1056768K
  class space    used 726K, capacity 845K, committed 896K, reserved 1048576K
Event: 0.923 GC heap after
Heap after GC invocations=1 (full 0):
 PSYoungGen      total 18944K, used 2519K [0x00000000feb00000, 0x0000000100000000, 0x0000000100000000)
  eden space 16384K, 0% used [0x00000000feb00000,0x00000000feb00000,0x00000000ffb00000)
  from space 2560K, 98% used [0x00000000ffb00000,0x00000000ffd75d48,0x00000000ffd80000)
  to   space 2560K, 0% used [0x00000000ffd80000,0x00000000ffd80000,0x0000000100000000)
 ParOldGen       total 44032K, used 8K [0x00000000fc000000, 0x00000000feb00000, 0x00000000feb00000)
  object space 44032K, 0% used [0x00000000fc000000,0x00000000fc002000,0x00000000feb00000)
 Metaspace       used 6070K, capacity 6366K, committed 6528K, reserved 1056768K
  class space    used 726K, capacity 845K, committed 896K, reserved 1048576K
}
Event: 1.305 GC heap before
{Heap before GC invocations=2 (full 0):
 PSYoungGen      total 18944K, used 18903K [0x00000000feb00000, 0x0000000100000000, 0x0000000100000000)
  eden space 16384K, 100% used [0x00000000feb00000,0x00000000ffb00000,0x00000000ffb00000)
  from space 2560K, 98% used [0x00000000ffb00000,0x00000000ffd75d48,0x00000000ffd80000)
  to   space 2560K, 0% used [0x00000000ffd80000,0x00000000ffd80000,0x0000000100000000)
 ParOldGen       total 44032K, used 8K [0x00000000fc000000, 0x00000000feb00000, 0x00000000feb00000)
  object space 44032K, 0% used [0x00000000fc000000,0x00000000fc002000,0x00000000feb00000)
 Metaspace       used 8780K, capacity 9020K, committed 9344K, reserved 1056768K
  class space    used 1172K, capacity 1284K, committed 1408K, reserved 1048576K
Event: 1.316 GC heap after
Heap after GC invocations=2 (full 0):
 PSYoungGen      total 18944K, used 2544K [0x00000000feb00000, 0x0000000100000000, 0x0000000100000000)
  eden space 16384K, 0% used [0x00000000feb00000,0x00000000feb00000,0x00000000ffb00000)
  from space 2560K, 99% used [0x00000000ffd80000,0x00000000ffffc030,0x0000000100000000)
  to   space 2560K, 0% used [0x00000000ffb00000,0x00000000ffb00000,0x00000000ffd80000)
 ParOldGen       total 44032K, used 1464K [0x00000000fc000000, 0x00000000feb00000, 0x00000000feb00000)
  object space 44032K, 3% used [0x00000000fc000000,0x00000000fc16e338,0x00000000feb00000)
 Metaspace       used 8780K, capacity 9020K, committed 9344K, reserved 1056768K
  class space    used 1172K, capacity 1284K, committed 1408K, reserved 1048576K
}

Deoptimization events (10 events):
Event: 0.873 Thread 0x0000000002a12800 Uncommon trap: reason=class_check action=maybe_recompile pc=0x0000000002d49868 method=java.util.HashMap.putVal(ILjava/lang/Object;Ljava/lang/Object;ZZ)Ljava/lang/Object; @ 91
Event: 0.874 Thread 0x0000000002a12800 Uncommon trap: reason=class_check action=maybe_recompile pc=0x0000000002d49868 method=java.util.HashMap.putVal(ILjava/lang/Object;Ljava/lang/Object;ZZ)Ljava/lang/Object; @ 91
Event: 0.874 Thread 0x0000000002a12800 Uncommon trap: reason=class_check action=maybe_recompile pc=0x0000000002d49868 method=java.util.HashMap.putVal(ILjava/lang/Object;Ljava/lang/Object;ZZ)Ljava/lang/Object; @ 91
Event: 0.874 Thread 0x0000000002a12800 Uncommon trap: reason=class_check action=maybe_recompile pc=0x0000000002d49868 method=java.util.HashMap.putVal(ILjava/lang/Object;Ljava/lang/Object;ZZ)Ljava/lang/Object; @ 91
Event: 0.945 Thread 0x0000000002a12800 Uncommon trap: reason=unstable_if action=reinterpret pc=0x0000000002d0ba54 method=java.lang.String.indexOf([CII[CIII)I @ 3
Event: 1.053 Thread 0x0000000002a12800 Uncommon trap: reason=unstable_if action=reinterpret pc=0x0000000002ce4b80 method=java.util.regex.Matcher.reset()Ljava/util/regex/Matcher; @ 47
Event: 1.053 Thread 0x0000000002a12800 Uncommon trap: reason=class_check action=maybe_recompile pc=0x0000000002ce8e20 method=java.util.regex.Matcher.match(II)Z @ 86
Event: 1.053 Thread 0x0000000002a12800 Uncommon trap: reason=class_check action=maybe_recompile pc=0x0000000002ce8e20 method=java.util.regex.Matcher.match(II)Z @ 86
Event: 1.054 Thread 0x0000000002a12800 Uncommon trap: reason=class_check action=maybe_recompile pc=0x0000000002ce8e20 method=java.util.regex.Matcher.match(II)Z @ 86
Event: 1.054 Thread 0x0000000002a12800 Uncommon trap: reason=class_check action=maybe_recompile pc=0x0000000002ce8e20 method=java.util.regex.Matcher.match(II)Z @ 86

Classes redefined (0 events):
No events

Internal exceptions (10 events):
Event: 0.543 Thread 0x0000000002a12800 Exception <a 'java/security/PrivilegedActionException'> (0x00000000ff61f910) thrown at [C:\re\workspace\8-2-build-windows-amd64-cygwin\jdk8u211\12973\hotspot\src\share\vm\prims\jvm.cpp, line 1502]
Event: 0.543 Thread 0x0000000002a12800 Exception <a 'java/security/PrivilegedActionException'> (0x00000000ff61fb20) thrown at [C:\re\workspace\8-2-build-windows-amd64-cygwin\jdk8u211\12973\hotspot\src\share\vm\prims\jvm.cpp, line 1502]
Event: 1.066 Thread 0x0000000002a12800 Exception <a 'java/lang/ArrayIndexOutOfBoundsException': 18> (0x00000000feef5ee0) thrown at [C:\re\workspace\8-2-build-windows-amd64-cygwin\jdk8u211\12973\hotspot\src\share\vm\interpreter\interpreterRuntime.cpp, line 368]
Event: 1.066 Thread 0x0000000002a12800 Exception <a 'java/lang/ArrayIndexOutOfBoundsException': 101> (0x00000000feef7368) thrown at [C:\re\workspace\8-2-build-windows-amd64-cygwin\jdk8u211\12973\hotspot\src\share\vm\interpreter\interpreterRuntime.cpp, line 368]
Event: 1.067 Thread 0x0000000002a12800 Exception <a 'java/lang/ArrayIndexOutOfBoundsException': 40> (0x00000000feef83d8) thrown at [C:\re\workspace\8-2-build-windows-amd64-cygwin\jdk8u211\12973\hotspot\src\share\vm\interpreter\interpreterRuntime.cpp, line 368]
Event: 1.096 Thread 0x0000000002a12800 Exception <a 'java/lang/NoClassDefFoundError': org/slf4j/impl/StaticMarkerBinder> (0x00000000fefaece8) thrown at [C:\re\workspace\8-2-build-windows-amd64-cygwin\jdk8u211\12973\hotspot\src\share\vm\classfile\systemDictionary.cpp, line 199]
Event: 1.209 Thread 0x0000000002a12800 Exception <a 'java/lang/ArrayIndexOutOfBoundsException'> (0x00000000ff62ba98) thrown at [C:\re\workspace\8-2-build-windows-amd64-cygwin\jdk8u211\12973\hotspot\src\share\vm\runtime\sharedRuntime.cpp, line 605]
Event: 1.211 Thread 0x0000000002a12800 Exception <a 'java/lang/ArrayIndexOutOfBoundsException'> (0x00000000ff640318) thrown at [C:\re\workspace\8-2-build-windows-amd64-cygwin\jdk8u211\12973\hotspot\src\share\vm\runtime\sharedRuntime.cpp, line 605]
Event: 1.211 Thread 0x0000000002a12800 Exception <a 'java/lang/ArrayIndexOutOfBoundsException'> (0x00000000ff642058) thrown at [C:\re\workspace\8-2-build-windows-amd64-cygwin\jdk8u211\12973\hotspot\src\share\vm\runtime\sharedRuntime.cpp, line 605]
Event: 1.257 Thread 0x0000000002a12800 Exception <a 'java/lang/NoSuchMethodError': java.lang.Object.lambda$static$0(Lorg/gradle/internal/state/ModelObject;)Ljava/lang/String;> (0x00000000ff85bcc8) thrown at [C:\re\workspace\8-2-build-windows-amd64-cygwin\jdk8u211\12973\hotspot\src\share\vm\int

Events (10 events):
Event: 1.340 loading class com/google/common/collect/ImmutableSet
Event: 1.340 loading class com/google/common/collect/ImmutableSet done
Event: 1.340 loading class com/google/common/collect/Collections2
Event: 1.340 loading class com/google/common/collect/Collections2 done
Event: 1.341 loading class org/gradle/launcher/daemon/configuration/DaemonParameters
Event: 1.341 loading class org/gradle/launcher/daemon/configuration/DaemonParameters done
Event: 1.342 Executing VM operation: CollectForMetadataAllocation
Event: 1.343 Executing VM operation: CollectForMetadataAllocation done
Event: 1.343 loading class com/google/common/collect/ImmutableEnumSet
Event: 1.343 loading class com/google/common/collect/ImmutableEnumSet done


Dynamic libraries:
0x00007ff70fb70000 - 0x00007ff70fba7000 	C:\Program Files\Java\jdk1.8.0_211\bin\java.exe
0x00007ffe958e0000 - 0x00007ffe95ad0000 	C:\WINDOWS\SYSTEM32\ntdll.dll
0x00007ffe93980000 - 0x00007ffe93a32000 	C:\WINDOWS\System32\KERNEL32.DLL
0x00007ffe936b0000 - 0x00007ffe93956000 	C:\WINDOWS\System32\KERNELBASE.dll
0x00007ffe95130000 - 0x00007ffe951d3000 	C:\WINDOWS\System32\ADVAPI32.dll
0x00007ffe93a60000 - 0x00007ffe93afe000 	C:\WINDOWS\System32\msvcrt.dll
0x00007ffe95800000 - 0x00007ffe95897000 	C:\WINDOWS\System32\sechost.dll
0x00007ffe95010000 - 0x00007ffe9512f000 	C:\WINDOWS\System32\RPCRT4.dll
0x00007ffe95660000 - 0x00007ffe957f4000 	C:\WINDOWS\System32\USER32.dll
0x00007ffe93680000 - 0x00007ffe936a1000 	C:\WINDOWS\System32\win32u.dll
0x00007ffe951e0000 - 0x00007ffe95206000 	C:\WINDOWS\System32\GDI32.dll
0x00007ffe93190000 - 0x00007ffe93328000 	C:\WINDOWS\System32\gdi32full.dll
0x00007ffe92fc0000 - 0x00007ffe9305e000 	C:\WINDOWS\System32\msvcp_win.dll
0x00007ffe93520000 - 0x00007ffe9361a000 	C:\WINDOWS\System32\ucrtbase.dll
0x00007ffe81c70000 - 0x00007ffe81ef4000 	C:\WINDOWS\WinSxS\amd64_microsoft.windows.common-controls_6595b64144ccf1df_6.0.18362.1734_none_9e7c63e3e45fdc87\COMCTL32.dll
0x00007ffe94c00000 - 0x00007ffe94f36000 	C:\WINDOWS\System32\combase.dll
0x00007ffe93330000 - 0x00007ffe933b4000 	C:\WINDOWS\System32\bcryptPrimitives.dll
0x00007ffe93d00000 - 0x00007ffe93d2e000 	C:\WINDOWS\System32\IMM32.DLL
0x00000000540d0000 - 0x00000000541a2000 	C:\Program Files\Java\jdk1.8.0_211\jre\bin\msvcr100.dll
0x0000000053820000 - 0x00000000540c5000 	C:\Program Files\Java\jdk1.8.0_211\jre\bin\server\jvm.dll
0x00007ffe94480000 - 0x00007ffe94488000 	C:\WINDOWS\System32\PSAPI.DLL
0x00007ffe86560000 - 0x00007ffe8656a000 	C:\WINDOWS\SYSTEM32\VERSION.dll
0x00007ffe8e190000 - 0x00007ffe8e1b4000 	C:\WINDOWS\SYSTEM32\WINMM.dll
0x00007ffe8f4d0000 - 0x00007ffe8f4d9000 	C:\WINDOWS\SYSTEM32\WSOCK32.dll
0x0000000002830000 - 0x000000000289f000 	C:\WINDOWS\System32\ws2_32.DLL
0x00007ffe8e160000 - 0x00007ffe8e18d000 	C:\WINDOWS\SYSTEM32\WINMMBASE.dll
0x00007ffe93110000 - 0x00007ffe9315a000 	C:\WINDOWS\System32\cfgmgr32.dll
0x00007ffe8f510000 - 0x00007ffe8f51f000 	C:\Program Files\Java\jdk1.8.0_211\jre\bin\verify.dll
0x00007ffe8b0c0000 - 0x00007ffe8b0e9000 	C:\Program Files\Java\jdk1.8.0_211\jre\bin\java.dll
0x00007ffe85f90000 - 0x00007ffe85fa6000 	C:\Program Files\Java\jdk1.8.0_211\jre\bin\zip.dll
0x00007ffe93d90000 - 0x00007ffe94477000 	C:\WINDOWS\System32\SHELL32.dll
0x00007ffe93c50000 - 0x00007ffe93cf9000 	C:\WINDOWS\System32\shcore.dll
0x00007ffe92840000 - 0x00007ffe92fbb000 	C:\WINDOWS\System32\windows.storage.dll
0x00007ffe927b0000 - 0x00007ffe927ce000 	C:\WINDOWS\System32\profapi.dll
0x00007ffe927f0000 - 0x00007ffe9283a000 	C:\WINDOWS\System32\powrprof.dll
0x00007ffe92780000 - 0x00007ffe92790000 	C:\WINDOWS\System32\UMPDC.dll
0x00007ffe94fb0000 - 0x00007ffe95002000 	C:\WINDOWS\System32\shlwapi.dll
0x00007ffe92790000 - 0x00007ffe927a1000 	C:\WINDOWS\System32\kernel.appcore.dll
0x00007ffe93960000 - 0x00007ffe93977000 	C:\WINDOWS\System32\cryptsp.dll
0x00007ffe7c8d0000 - 0x00007ffe7c8ea000 	C:\Program Files\Java\jdk1.8.0_211\jre\bin\net.dll
0x00007ffe85290000 - 0x00007ffe85465000 	C:\WINDOWS\SYSTEM32\urlmon.dll
0x00007ffe91df0000 - 0x00007ffe91dfc000 	C:\WINDOWS\SYSTEM32\netutils.dll
0x00007ffe851e0000 - 0x00007ffe85206000 	C:\WINDOWS\SYSTEM32\srvcli.dll
0x00007ffe86290000 - 0x00007ffe86537000 	C:\WINDOWS\SYSTEM32\iertutil.dll
0x00007ffe921a0000 - 0x00007ffe921ac000 	C:\WINDOWS\SYSTEM32\CRYPTBASE.DLL
0x00007ffe91fd0000 - 0x00007ffe92037000 	C:\WINDOWS\system32\mswsock.dll
0x00007ffe7a2f0000 - 0x00007ffe7a302000 	C:\Program Files\Java\jdk1.8.0_211\jre\bin\nio.dll
0x00007ffe80990000 - 0x00007ffe809b7000 	C:\Users\ShahZain\.gradle\native\49d0259a56938c7f99b2704e745ce422c4f750a7a20b539a32ccef96729676b1\windows-amd64\native-platform.dll
0x00007ffe5f7c0000 - 0x00007ffe5f956000 	C:\Users\ShahZain\.gradle\native\12488b8bf47d2d4c9fbf2f6322a914ad602e24e48041cd04a747c6da556b65c4\windows-amd64\native-platform-file-events.dll
0x00007ffe8f490000 - 0x00007ffe8f49a000 	C:\Users\ShahZain\.gradle\native\jansi\1.18\windows64\jansi.dll

VM Arguments:
jvm_args: -Xmx64m -Xms64m -Dorg.gradle.appname=gradlew 
java_command: org.gradle.wrapper.GradleWrapperMain app:installDebug -PreactNativeDevServerPort=8081
java_class_path (initial): F:\Appcrates\React native\noxsky\android\\gradle\wrapper\gradle-wrapper.jar
Launcher Type: SUN_STANDARD

Environment Variables:
JAVA_HOME=C:\Program Files\Java\jdk1.8.0_211
CLASSPATH=F:\Appcrates\React native\noxsky\android\\gradle\wrapper\gradle-wrapper.jar
PATH=F:\Appcrates\React native\noxsky\android\node_modules\.bin;F:\Appcrates\React native\noxsky\node_modules\.bin;F:\Appcrates\React native\node_modules\.bin;F:\Appcrates\node_modules\.bin;F:\node_modules\.bin;C:\Program Files\nodejs;F:\Appcrates\React native\noxsky\node_modules\.bin;C:\Program Files\Common Files\Oracle\Java\javapath;F:\app\shahzain29\product\12.1.0\dbhome_1\bin;C:\Program Files (x86)\Common Files\Oracle\Java\javapath;C:\WINDOWS\system32;C:\WINDOWS;C:\WINDOWS\System32\Wbem;C:\WINDOWS\System32\WindowsPowerShell\v1.0\;C:\WINDOWS\System32\OpenSSH\;C:\Program Files\dotnet\;C:\Program Files\Microsoft SQL Server\130\Tools\Binn\;C:\ProgramData\chocolatey\bin;C:\Program Files\Java\jdk1.8.0_211\bin;E:\Xamp\php;C:\Program Files\nodejs\;C:\Users\ShahZain\AppData\Local\Microsoft\WindowsApps;C:\Users\ShahZain\AppData\Local\Programs\Microsoft VS Code\bin;C:\xampp\php;C:\Users\ShahZain\AppData\Roaming\Composer\vendor\bin;C:\src\flutter\bin;C:\Users\ShahZain\AppData\Roaming\npm
USERNAME=ShahZain
OS=Windows_NT
PROCESSOR_IDENTIFIER=Intel64 Family 6 Model 61 Stepping 4, GenuineIntel



---------------  S Y S T E M  ---------------

OS: Windows 10.0 , 64 bit Build 18362 (10.0.18362.1714)

CPU:total 4 (initial active 4) (2 cores per cpu, 2 threads per core) family 6 model 61 stepping 4, cmov, cx8, fxsr, mmx, sse, sse2, sse3, ssse3, sse4.1, sse4.2, popcnt, avx, avx2, aes, clmul, erms, 3dnowpref, lzcnt, ht, tsc, tscinvbit, bmi1, bmi2, adx

Memory: 4k page, physical 8307120k(441716k free), swap 16121388k(308k free)

vm_info: Java HotSpot(TM) 64-Bit Server VM (25.211-b12) for windows-amd64 JRE (1.8.0_211-b12), built on Apr  1 2019 20:53:26 by "java_re" with MS VC++ 10.0 (VS2010)

time: Wed Sep 15 12:54:40 2021
timezone: Pakistan Standard Time
elapsed time: 1 seconds (0d 0h 0m 1s)

