#
# There is insufficient memory for the Java Runtime Environment to continue.
# Native memory allocation (malloc) failed to allocate 1513136 bytes for Chunk::new
# Possible reasons:
#   The system is out of physical RAM or swap space
#   The process is running with CompressedOops enabled, and the Java Heap may be blocking the growth of the native heap
# Possible solutions:
#   Reduce memory load on the system
#   Increase physical memory or swap space
#   Check if swap backing store is full
#   Decrease Java heap size (-Xmx/-Xms)
#   Decrease number of Java threads
#   Decrease Java thread stack sizes (-Xss)
#   Set larger code cache with -XX:ReservedCodeCacheSize=
#   JVM is running with Unscaled Compressed Oops mode in which the Java heap is
#     placed in the first 4GB address space. The Java Heap base address is the
#     maximum limit for the native heap growth. Please use -XX:HeapBaseMinAddress
#     to set the Java Heap base and to place the Java Heap above 4GB virtual address.
# This output file may be truncated or incomplete.
#
#  Out of Memory Error (allocation.cpp:389), pid=2264, tid=0x00000000000033bc
#
# JRE version: Java(TM) SE Runtime Environment (8.0_211-b12) (build 1.8.0_211-b12)
# Java VM: Java HotSpot(TM) 64-Bit Server VM (25.211-b12 mixed mode windows-amd64 compressed oops)
# Failed to write core dump. Minidumps are not enabled by default on client versions of Windows
#

---------------  T H R E A D  ---------------

Current thread (0x000000001393e800):  JavaThread "C2 CompilerThread1" daemon [_thread_in_native, id=13244, stack(0x0000000015440000,0x0000000015540000)]

Stack: [0x0000000015440000,0x0000000015540000]
[error occurred during error reporting (printing stack bounds), id 0xc0000005]

Native frames: (J=compiled Java code, j=interpreted, Vv=VM code, C=native code)


Current CompileTask:
C2:  88983 9814   !   4       org.gradle.internal.operations.DefaultBuildOperationRunner$3::execute (110 bytes)


---------------  P R O C E S S  ---------------

Java Threads: ( => current thread )
  0x0000000024e62800 JavaThread "Cache worker for execution history cache (F:\Appcrates\React native\noxsky\android\.gradle\6.9\executionHistory)" [_thread_in_native, id=8664, stack(0x000000002a010000,0x000000002a110000)]
  0x0000000024e68800 JavaThread "Execution worker for ':' Thread 3" [_thread_blocked, id=8620, stack(0x0000000029f10000,0x000000002a010000)]
  0x0000000024e63000 JavaThread "Execution worker for ':' Thread 2" [_thread_blocked, id=12960, stack(0x0000000029e10000,0x0000000029f10000)]
  0x0000000024e65800 JavaThread "Execution worker for ':'" [_thread_blocked, id=11676, stack(0x0000000029d10000,0x0000000029e10000)]
  0x0000000024e67800 JavaThread "build event listener" [_thread_blocked, id=16908, stack(0x00000000299d0000,0x0000000029ad0000)]
  0x0000000024e5b000 JavaThread "jar transforms Thread 131" [_thread_blocked, id=3128, stack(0x00000000290d0000,0x00000000291d0000)]
  0x0000000024e61000 JavaThread "jar transforms Thread 130" [_thread_blocked, id=16484, stack(0x0000000028fd0000,0x00000000290d0000)]
  0x0000000024e5e800 JavaThread "jar transforms Thread 129" [_thread_blocked, id=7188, stack(0x0000000028ed0000,0x0000000028fd0000)]
  0x0000000024e61800 JavaThread "jar transforms Thread 128" [_thread_blocked, id=6236, stack(0x0000000028dd0000,0x0000000028ed0000)]
  0x0000000024e59800 JavaThread "jar transforms Thread 127" [_thread_blocked, id=13848, stack(0x0000000028cd0000,0x0000000028dd0000)]
  0x0000000024e5d000 JavaThread "jar transforms Thread 126" [_thread_blocked, id=2220, stack(0x0000000028bd0000,0x0000000028cd0000)]
  0x0000000024e60000 JavaThread "jar transforms Thread 125" [_thread_blocked, id=2664, stack(0x0000000028ad0000,0x0000000028bd0000)]
  0x0000000024e5f800 JavaThread "jar transforms Thread 124" [_thread_blocked, id=7604, stack(0x00000000289d0000,0x0000000028ad0000)]
  0x0000000024e5a000 JavaThread "jar transforms Thread 123" [_thread_blocked, id=12856, stack(0x00000000288d0000,0x00000000289d0000)]
  0x0000000024e5b800 JavaThread "jar transforms Thread 122" [_thread_blocked, id=8584, stack(0x00000000287d0000,0x00000000288d0000)]
  0x0000000024e5c800 JavaThread "jar transforms Thread 121" [_thread_blocked, id=4324, stack(0x00000000286d0000,0x00000000287d0000)]
  0x0000000024e5e000 JavaThread "jar transforms Thread 120" [_thread_blocked, id=12364, stack(0x00000000285d0000,0x00000000286d0000)]
  0x000000001942e800 JavaThread "jar transforms Thread 119" [_thread_blocked, id=11804, stack(0x00000000284d0000,0x00000000285d0000)]
  0x0000000019430000 JavaThread "jar transforms Thread 118" [_thread_blocked, id=9024, stack(0x00000000283d0000,0x00000000284d0000)]
  0x0000000019431800 JavaThread "jar transforms Thread 117" [_thread_blocked, id=8780, stack(0x00000000282d0000,0x00000000283d0000)]
  0x0000000019431000 JavaThread "jar transforms Thread 116" [_thread_blocked, id=16312, stack(0x00000000281d0000,0x00000000282d0000)]
  0x000000001942f800 JavaThread "jar transforms Thread 115" [_thread_blocked, id=11376, stack(0x00000000280d0000,0x00000000281d0000)]
  0x0000000019427000 JavaThread "jar transforms Thread 114" [_thread_blocked, id=7532, stack(0x0000000027fd0000,0x00000000280d0000)]
  0x000000001942e000 JavaThread "jar transforms Thread 113" [_thread_blocked, id=13384, stack(0x0000000027ed0000,0x0000000027fd0000)]
  0x000000001942d000 JavaThread "jar transforms Thread 112" [_thread_blocked, id=2936, stack(0x0000000027dd0000,0x0000000027ed0000)]
  0x0000000019426800 JavaThread "jar transforms Thread 111" [_thread_blocked, id=1696, stack(0x0000000027cd0000,0x0000000027dd0000)]
  0x000000001942b800 JavaThread "jar transforms Thread 110" [_thread_blocked, id=8748, stack(0x0000000027bd0000,0x0000000027cd0000)]
  0x000000001942c800 JavaThread "jar transforms Thread 109" [_thread_blocked, id=15720, stack(0x0000000027ad0000,0x0000000027bd0000)]
  0x000000001942b000 JavaThread "jar transforms Thread 108" [_thread_blocked, id=3788, stack(0x00000000279d0000,0x0000000027ad0000)]
  0x000000001942a000 JavaThread "jar transforms Thread 107" [_thread_blocked, id=3040, stack(0x00000000278d0000,0x00000000279d0000)]
  0x0000000019425000 JavaThread "jar transforms Thread 106" [_thread_blocked, id=7728, stack(0x00000000277d0000,0x00000000278d0000)]
  0x0000000019423800 JavaThread "jar transforms Thread 105" [_thread_blocked, id=804, stack(0x00000000276d0000,0x00000000277d0000)]
  0x0000000019429800 JavaThread "jar transforms Thread 104" [_thread_blocked, id=16460, stack(0x00000000275d0000,0x00000000276d0000)]
  0x0000000019425800 JavaThread "jar transforms Thread 103" [_thread_blocked, id=15708, stack(0x00000000264f0000,0x00000000265f0000)]
  0x0000000019428800 JavaThread "jar transforms Thread 102" [_thread_blocked, id=2368, stack(0x00000000263f0000,0x00000000264f0000)]
  0x0000000019424000 JavaThread "jar transforms Thread 101" [_thread_blocked, id=16024, stack(0x0000000025a20000,0x0000000025b20000)]
  0x0000000019428000 JavaThread "jar transforms Thread 100" [_thread_blocked, id=12804, stack(0x0000000024500000,0x0000000024600000)]
  0x0000000019422800 JavaThread "jar transforms Thread 99" [_thread_blocked, id=17020, stack(0x0000000002170000,0x0000000002270000)]
  0x0000000015bc3800 JavaThread "jar transforms Thread 98" [_thread_blocked, id=4880, stack(0x0000000000760000,0x0000000000860000)]
  0x0000000015bc3000 JavaThread "Memory manager" [_thread_blocked, id=7376, stack(0x0000000024400000,0x0000000024500000)]
  0x0000000015bc0800 JavaThread "jar transforms Thread 97" [_thread_blocked, id=5820, stack(0x0000000023a00000,0x0000000023b00000)]
  0x0000000015bbf000 JavaThread "jar transforms Thread 96" [_thread_blocked, id=16240, stack(0x0000000023900000,0x0000000023a00000)]
  0x0000000015bc0000 JavaThread "jar transforms Thread 95" [_thread_blocked, id=6924, stack(0x0000000023800000,0x0000000023900000)]
  0x0000000015bc2000 JavaThread "jar transforms Thread 94" [_thread_blocked, id=15944, stack(0x0000000023700000,0x0000000023800000)]
  0x0000000015bc4800 JavaThread "jar transforms Thread 93" [_thread_blocked, id=4284, stack(0x0000000023600000,0x0000000023700000)]
  0x0000000015bc5000 JavaThread "jar transforms Thread 92" [_thread_blocked, id=10896, stack(0x0000000023500000,0x0000000023600000)]
  0x0000000015bc6000 JavaThread "jar transforms Thread 91" [_thread_blocked, id=13860, stack(0x0000000023400000,0x0000000023500000)]
  0x0000000015bc1800 JavaThread "jar transforms Thread 90" [_thread_blocked, id=1908, stack(0x0000000023300000,0x0000000023400000)]
  0x0000000015bbe800 JavaThread "jar transforms Thread 89" [_thread_blocked, id=10460, stack(0x0000000023200000,0x0000000023300000)]
  0x0000000015bb7000 JavaThread "jar transforms Thread 88" [_thread_blocked, id=5384, stack(0x0000000023100000,0x0000000023200000)]
  0x0000000015bbb800 JavaThread "jar transforms Thread 87" [_thread_blocked, id=4632, stack(0x0000000023000000,0x0000000023100000)]
  0x0000000015bb9000 JavaThread "jar transforms Thread 86" [_thread_blocked, id=16412, stack(0x0000000022f00000,0x0000000023000000)]
  0x0000000015bbd800 JavaThread "jar transforms Thread 85" [_thread_blocked, id=8796, stack(0x0000000022e00000,0x0000000022f00000)]
  0x0000000015bba000 JavaThread "jar transforms Thread 84" [_thread_blocked, id=6996, stack(0x0000000022d00000,0x0000000022e00000)]
  0x0000000015bba800 JavaThread "jar transforms Thread 83" [_thread_blocked, id=8732, stack(0x0000000022c00000,0x0000000022d00000)]
  0x0000000015bbd000 JavaThread "jar transforms Thread 82" [_thread_blocked, id=11116, stack(0x0000000022b00000,0x0000000022c00000)]
  0x0000000015bb8800 JavaThread "jar transforms Thread 81" [_thread_blocked, id=9112, stack(0x0000000022a00000,0x0000000022b00000)]
  0x0000000015bb7800 JavaThread "jar transforms Thread 80" [_thread_blocked, id=3008, stack(0x0000000022900000,0x0000000022a00000)]
  0x0000000015bbc000 JavaThread "jar transforms Thread 79" [_thread_blocked, id=6824, stack(0x0000000022800000,0x0000000022900000)]
  0x00000000199dc000 JavaThread "jar transforms Thread 78" [_thread_blocked, id=10652, stack(0x0000000022700000,0x0000000022800000)]
  0x00000000199db800 JavaThread "jar transforms Thread 77" [_thread_blocked, id=13868, stack(0x0000000022600000,0x0000000022700000)]
  0x00000000199da000 JavaThread "jar transforms Thread 76" [_thread_blocked, id=13172, stack(0x0000000022500000,0x0000000022600000)]
  0x00000000199d9000 JavaThread "jar transforms Thread 75" [_thread_blocked, id=2160, stack(0x0000000022400000,0x0000000022500000)]
  0x00000000199df000 JavaThread "jar transforms Thread 74" [_thread_blocked, id=7724, stack(0x0000000022300000,0x0000000022400000)]
  0x00000000199dd800 JavaThread "jar transforms Thread 73" [_thread_blocked, id=13680, stack(0x0000000022200000,0x0000000022300000)]
  0x00000000199dd000 JavaThread "jar transforms Thread 72" [_thread_blocked, id=11368, stack(0x0000000022100000,0x0000000022200000)]
  0x00000000199de800 JavaThread "jar transforms Thread 71" [_thread_blocked, id=880, stack(0x0000000022000000,0x0000000022100000)]
  0x00000000199da800 JavaThread "jar transforms Thread 70" [_thread_blocked, id=13556, stack(0x0000000021f00000,0x0000000022000000)]
  0x00000000199d1800 JavaThread "jar transforms Thread 69" [_thread_blocked, id=4756, stack(0x0000000021e00000,0x0000000021f00000)]
  0x00000000199d8800 JavaThread "jar transforms Thread 68" [_thread_blocked, id=10208, stack(0x0000000021d00000,0x0000000021e00000)]
  0x00000000199d0800 JavaThread "jar transforms Thread 67" [_thread_blocked, id=14804, stack(0x0000000021c00000,0x0000000021d00000)]
  0x00000000199d7800 JavaThread "jar transforms Thread 66" [_thread_blocked, id=10884, stack(0x0000000021b00000,0x0000000021c00000)]
  0x00000000199d7000 JavaThread "jar transforms Thread 65" [_thread_blocked, id=10180, stack(0x0000000021a00000,0x0000000021b00000)]
  0x00000000199d6000 JavaThread "jar transforms Thread 64" [_thread_blocked, id=3228, stack(0x0000000021900000,0x0000000021a00000)]
  0x00000000199d5800 JavaThread "jar transforms Thread 63" [_thread_blocked, id=17216, stack(0x0000000021800000,0x0000000021900000)]
  0x00000000199d4800 JavaThread "jar transforms Thread 62" [_thread_blocked, id=4536, stack(0x0000000021700000,0x0000000021800000)]
  0x00000000199d0000 JavaThread "jar transforms Thread 61" [_thread_blocked, id=6612, stack(0x0000000021600000,0x0000000021700000)]
  0x00000000199d2800 JavaThread "jar transforms Thread 60" [_thread_blocked, id=12668, stack(0x0000000021500000,0x0000000021600000)]
  0x00000000199d4000 JavaThread "jar transforms Thread 59" [_thread_blocked, id=11088, stack(0x0000000021400000,0x0000000021500000)]
  0x00000000199d3000 JavaThread "jar transforms Thread 58" [_thread_blocked, id=1276, stack(0x0000000021300000,0x0000000021400000)]
  0x0000000015bac800 JavaThread "jar transforms Thread 57" [_thread_blocked, id=8520, stack(0x0000000021200000,0x0000000021300000)]
  0x0000000015bab000 JavaThread "jar transforms Thread 56" [_thread_blocked, id=4808, stack(0x0000000021100000,0x0000000021200000)]
  0x0000000015baa000 JavaThread "jar transforms Thread 55" [_thread_blocked, id=6544, stack(0x0000000021000000,0x0000000021100000)]
  0x0000000015ba9800 JavaThread "jar transforms Thread 54" [_thread_blocked, id=14616, stack(0x0000000020f00000,0x0000000021000000)]
  0x0000000015ba7000 JavaThread "jar transforms Thread 53" [_thread_blocked, id=16660, stack(0x0000000020e00000,0x0000000020f00000)]
  0x0000000015bae000 JavaThread "jar transforms Thread 52" [_thread_blocked, id=4980, stack(0x0000000020d00000,0x0000000020e00000)]
  0x0000000015ba8800 JavaThread "jar transforms Thread 51" [_thread_blocked, id=11304, stack(0x0000000020c00000,0x0000000020d00000)]
  0x0000000015ba6800 JavaThread "jar transforms Thread 50" [_thread_blocked, id=17312, stack(0x0000000020b00000,0x0000000020c00000)]
  0x0000000015bab800 JavaThread "jar transforms Thread 49" [_thread_blocked, id=16252, stack(0x0000000020a00000,0x0000000020b00000)]
  0x0000000015ba8000 JavaThread "jar transforms Thread 48" [_thread_blocked, id=14448, stack(0x0000000020900000,0x0000000020a00000)]
  0x0000000015bad000 JavaThread "jar transforms Thread 47" [_thread_blocked, id=15612, stack(0x0000000020800000,0x0000000020900000)]
  0x0000000015b9f000 JavaThread "jar transforms Thread 46" [_thread_blocked, id=5980, stack(0x0000000020700000,0x0000000020800000)]
  0x0000000015ba3800 JavaThread "jar transforms Thread 45" [_thread_blocked, id=17384, stack(0x0000000020600000,0x0000000020700000)]
  0x0000000015b9f800 JavaThread "jar transforms Thread 44" [_thread_blocked, id=16736, stack(0x0000000020500000,0x0000000020600000)]
  0x0000000015ba5800 JavaThread "jar transforms Thread 43" [_thread_blocked, id=14676, stack(0x0000000020400000,0x0000000020500000)]
  0x0000000015ba5000 JavaThread "jar transforms Thread 42" [_thread_blocked, id=15488, stack(0x0000000020300000,0x0000000020400000)]
  0x0000000015ba1000 JavaThread "jar transforms Thread 41" [_thread_blocked, id=17184, stack(0x0000000020200000,0x0000000020300000)]
  0x0000000015ba0800 JavaThread "jar transforms Thread 40" [_thread_blocked, id=6756, stack(0x0000000020100000,0x0000000020200000)]
  0x0000000015ba4000 JavaThread "jar transforms Thread 39" [_thread_blocked, id=7760, stack(0x0000000020000000,0x0000000020100000)]
  0x0000000015ba2800 JavaThread "jar transforms Thread 38" [_thread_blocked, id=6076, stack(0x000000001ff00000,0x0000000020000000)]
  0x0000000015ba2000 JavaThread "jar transforms Thread 37" [_thread_blocked, id=6436, stack(0x000000001fe00000,0x000000001ff00000)]
  0x000000001a5b3800 JavaThread "jar transforms Thread 36" [_thread_blocked, id=12952, stack(0x000000001fd00000,0x000000001fe00000)]
  0x000000001a5b2800 JavaThread "jar transforms Thread 35" [_thread_blocked, id=10080, stack(0x000000001fc00000,0x000000001fd00000)]
  0x000000001a5b5000 JavaThread "jar transforms Thread 34" [_thread_blocked, id=16172, stack(0x000000001fb00000,0x000000001fc00000)]
  0x000000001a5b7800 JavaThread "jar transforms Thread 33" [_thread_blocked, id=12684, stack(0x000000001fa00000,0x000000001fb00000)]
  0x000000001a5b2000 JavaThread "jar transforms Thread 32" [_thread_blocked, id=7140, stack(0x000000001f900000,0x000000001fa00000)]
  0x000000001a5b4000 JavaThread "jar transforms Thread 31" [_thread_blocked, id=15480, stack(0x000000001f800000,0x000000001f900000)]
  0x000000001a5b6000 JavaThread "jar transforms Thread 30" [_thread_blocked, id=704, stack(0x000000001f700000,0x000000001f800000)]
  0x000000001a5b6800 JavaThread "jar transforms Thread 29" [_thread_blocked, id=12604, stack(0x000000001f600000,0x000000001f700000)]
  0x000000001a5b1000 JavaThread "jar transforms Thread 28" [_thread_blocked, id=14708, stack(0x000000001f500000,0x000000001f600000)]
  0x000000001a5ac000 JavaThread "jar transforms Thread 27" [_thread_blocked, id=5348, stack(0x000000001f400000,0x000000001f500000)]
  0x000000001a5ab000 JavaThread "jar transforms Thread 26" [_thread_blocked, id=7980, stack(0x000000001f300000,0x000000001f400000)]
  0x000000001a5a9800 JavaThread "jar transforms Thread 25" [_thread_blocked, id=4200, stack(0x000000001f200000,0x000000001f300000)]
  0x000000001a5aa800 JavaThread "jar transforms Thread 24" [_thread_blocked, id=15840, stack(0x000000001f100000,0x000000001f200000)]
  0x000000001a5b0800 JavaThread "jar transforms Thread 23" [_thread_blocked, id=11272, stack(0x000000001f000000,0x000000001f100000)]
  0x000000001a5a9000 JavaThread "jar transforms Thread 22" [_thread_blocked, id=3444, stack(0x000000001ef00000,0x000000001f000000)]
  0x000000001a5af800 JavaThread "jar transforms Thread 21" [_thread_blocked, id=2208, stack(0x000000001ee00000,0x000000001ef00000)]
  0x000000001a5ad800 JavaThread "jar transforms Thread 20" [_thread_blocked, id=3208, stack(0x000000001ed00000,0x000000001ee00000)]
  0x000000001a5af000 JavaThread "jar transforms Thread 19" [_thread_blocked, id=12456, stack(0x000000001ec00000,0x000000001ed00000)]
  0x000000001a5ae000 JavaThread "jar transforms Thread 18" [_thread_blocked, id=3312, stack(0x000000001eb00000,0x000000001ec00000)]
  0x000000001a5ac800 JavaThread "jar transforms Thread 17" [_thread_blocked, id=7500, stack(0x000000001ea00000,0x000000001eb00000)]
  0x000000001a5a8000 JavaThread "jar transforms Thread 16" [_thread_blocked, id=7904, stack(0x000000001e900000,0x000000001ea00000)]
  0x0000000016239000 JavaThread "jar transforms Thread 15" [_thread_blocked, id=8504, stack(0x000000001e800000,0x000000001e900000)]
  0x0000000016238000 JavaThread "jar transforms Thread 14" [_thread_blocked, id=14228, stack(0x000000001e700000,0x000000001e800000)]
  0x000000001623e800 JavaThread "jar transforms Thread 13" [_thread_blocked, id=4276, stack(0x000000001e600000,0x000000001e700000)]
  0x000000001623d800 JavaThread "jar transforms Thread 12" [_thread_blocked, id=9044, stack(0x000000001e500000,0x000000001e600000)]
  0x000000001623f000 JavaThread "jar transforms Thread 11" [_thread_blocked, id=6048, stack(0x000000001e400000,0x000000001e500000)]
  0x000000001623d000 JavaThread "jar transforms Thread 10" [_thread_blocked, id=6976, stack(0x000000001e300000,0x000000001e400000)]
  0x000000001623c000 JavaThread "jar transforms Thread 9" [_thread_blocked, id=11440, stack(0x000000001e200000,0x000000001e300000)]
  0x000000001623b000 JavaThread "jar transforms Thread 8" [_thread_blocked, id=2300, stack(0x000000001e100000,0x000000001e200000)]
  0x000000001623a800 JavaThread "jar transforms Thread 7" [_thread_blocked, id=16440, stack(0x000000001e000000,0x000000001e100000)]
  0x0000000016239800 JavaThread "jar transforms Thread 6" [_thread_blocked, id=11524, stack(0x000000001df00000,0x000000001e000000)]
  0x0000000016230800 JavaThread "jar transforms Thread 5" [_thread_blocked, id=5812, stack(0x000000001de00000,0x000000001df00000)]
  0x0000000016235000 JavaThread "jar transforms Thread 4" [_thread_blocked, id=14592, stack(0x000000001dd00000,0x000000001de00000)]
  0x0000000016234800 JavaThread "jar transforms Thread 3" [_thread_blocked, id=13464, stack(0x000000001dc00000,0x000000001dd00000)]
  0x0000000016237800 JavaThread "jar transforms Thread 2" [_thread_blocked, id=13952, stack(0x000000001db00000,0x000000001dc00000)]
  0x0000000016230000 JavaThread "Build operations Thread 4" [_thread_blocked, id=8956, stack(0x000000001da00000,0x000000001db00000)]
  0x0000000016236000 JavaThread "Build operations Thread 3" [_thread_blocked, id=17276, stack(0x000000001d900000,0x000000001da00000)]
  0x0000000016233800 JavaThread "Build operations Thread 2" [_thread_blocked, id=15076, stack(0x000000001d800000,0x000000001d900000)]
  0x0000000016236800 JavaThread "Build operations" [_thread_blocked, id=16564, stack(0x000000001d700000,0x000000001d800000)]
  0x0000000016233000 JavaThread "Cache worker for Build Output Cleanup Cache (F:\Appcrates\React native\noxsky\android\.gradle\buildOutputCleanup)" [_thread_blocked, id=16628, stack(0x000000001d400000,0x000000001d500000)]
  0x0000000018742800 JavaThread "Cache worker for file content cache (C:\Users\ShahZain\.gradle\caches\6.9\fileContent)" [_thread_blocked, id=17044, stack(0x000000001bae0000,0x000000001bbe0000)]
  0x0000000018740000 JavaThread "jar transforms" [_thread_blocked, id=4912, stack(0x000000001b9e0000,0x000000001bae0000)]
  0x0000000018747000 JavaThread "Cache worker for execution history cache (C:\Users\ShahZain\.gradle\caches\6.9\executionHistory)" [_thread_blocked, id=14544, stack(0x000000001b2e0000,0x000000001b3e0000)]
  0x0000000018741800 JavaThread "Cache worker for cache directory md-rule (C:\Users\ShahZain\.gradle\caches\6.9\md-rule)" [_thread_blocked, id=16576, stack(0x000000001b1e0000,0x000000001b2e0000)]
  0x0000000018744000 JavaThread "Cache worker for cache directory md-supplier (C:\Users\ShahZain\.gradle\caches\6.9\md-supplier)" [_thread_blocked, id=16152, stack(0x000000001aee0000,0x000000001afe0000)]
  0x0000000018745800 JavaThread "Cache worker for checksums cache (F:\Appcrates\React native\noxsky\android\.gradle\checksums)" [_thread_blocked, id=13500, stack(0x000000001ade0000,0x000000001aee0000)]
  0x0000000018743000 JavaThread "Cache worker for file hash cache (F:\Appcrates\React native\noxsky\android\.gradle\6.9\fileHashes)" [_thread_blocked, id=3348, stack(0x000000001ace0000,0x000000001ade0000)]
  0x0000000018744800 JavaThread "Cache worker for journal cache (C:\Users\ShahZain\.gradle\caches\journal-1)" [_thread_blocked, id=11612, stack(0x000000001a6e0000,0x000000001a7e0000)]
  0x0000000018746000 JavaThread "File lock request listener" [_thread_in_native, id=15744, stack(0x0000000019610000,0x0000000019710000)]
  0x0000000018741000 JavaThread "Cache worker for file hash cache (C:\Users\ShahZain\.gradle\caches\6.9\fileHashes)" [_thread_blocked, id=5540, stack(0x0000000019510000,0x0000000019610000)]
  0x0000000016e6e800 JavaThread "Daemon client event forwarder" [_thread_blocked, id=16936, stack(0x0000000018240000,0x0000000018340000)]
  0x0000000016e51800 JavaThread "Stdin handler" [_thread_blocked, id=16932, stack(0x0000000018140000,0x0000000018240000)]
  0x0000000016e4f800 JavaThread "Asynchronous log dispatcher for DefaultDaemonConnection: socket connection from /127.0.0.1:57860 to /127.0.0.1:57861" [_thread_blocked, id=7432, stack(0x0000000018040000,0x0000000018140000)]
  0x0000000016e85800 JavaThread "Daemon worker" [_thread_blocked, id=13612, stack(0x0000000017f40000,0x0000000018040000)]
  0x0000000016e4e000 JavaThread "Cancel handler" [_thread_blocked, id=13768, stack(0x0000000017e40000,0x0000000017f40000)]
  0x0000000016e43800 JavaThread "Handler for socket connection from /127.0.0.1:57860 to /127.0.0.1:57861" [_thread_in_native, id=9372, stack(0x0000000017d40000,0x0000000017e40000)]
  0x0000000016e86000 JavaThread "Daemon" [_thread_blocked, id=14696, stack(0x0000000017c40000,0x0000000017d40000)]
  0x00000000160a1000 JavaThread "Daemon periodic checks" [_thread_blocked, id=7864, stack(0x0000000017940000,0x0000000017a40000)]
  0x0000000016197000 JavaThread "Incoming local TCP Connector on port 57860" [_thread_in_native, id=13780, stack(0x0000000017700000,0x0000000017800000)]
  0x0000000016d2b800 JavaThread "Daemon health stats" [_thread_blocked, id=9652, stack(0x00000000172c0000,0x00000000173c0000)]
  0x0000000015047800 JavaThread "Service Thread" daemon [_thread_blocked, id=7524, stack(0x0000000015640000,0x0000000015740000)]
  0x0000000015043800 JavaThread "C1 CompilerThread2" daemon [_thread_blocked, id=372, stack(0x0000000015540000,0x0000000015640000)]
=>0x000000001393e800 JavaThread "C2 CompilerThread1" daemon [_thread_in_native, id=13244, stack(0x0000000015440000,0x0000000015540000)]
  0x00000000138e0000 JavaThread "C2 CompilerThread0" daemon [_thread_blocked, id=9116, stack(0x0000000014f40000,0x0000000015040000)]
  0x00000000138de000 JavaThread "Attach Listener" daemon [_thread_blocked, id=8368, stack(0x0000000014e40000,0x0000000014f40000)]
  0x00000000138da800 JavaThread "Signal Dispatcher" daemon [_thread_blocked, id=6452, stack(0x0000000014d40000,0x0000000014e40000)]
  0x000000000240a800 JavaThread "Finalizer" daemon [_thread_blocked, id=8064, stack(0x0000000014b40000,0x0000000014c40000)]
  0x0000000002401800 JavaThread "Reference Handler" daemon [_thread_blocked, id=9396, stack(0x0000000014a40000,0x0000000014b40000)]
  0x0000000002312800 JavaThread "main" [_thread_blocked, id=17336, stack(0x0000000000860000,0x0000000000960000)]

Other Threads:
  0x00000000138a7800 VMThread [stack: 0x0000000014940000,0x0000000014a40000] [id=1272]
  0x0000000015049800 WatcherThread [stack: 0x0000000015740000,0x0000000015840000] [id=11396]

VM state:not at safepoint (normal execution)

VM Mutex/Monitor currently owned by a thread: None

heap address: 0x00000000e0000000, size: 512 MB, Compressed Oops mode: 32-bit
Narrow klass base: 0x0000000000000000, Narrow klass shift: 3
Compressed class space size: 1073741824 Address: 0x0000000100000000

Heap:
 PSYoungGen      total 133632K, used 35501K [0x00000000f5580000, 0x0000000100000000, 0x0000000100000000)
  eden space 113152K, 13% used [0x00000000f5580000,0x00000000f6434dc0,0x00000000fc400000)
  from space 20480K, 99% used [0x00000000fec00000,0x00000000fffff4f0,0x0000000100000000)
  to   space 30720K, 0% used [0x00000000fc400000,0x00000000fc400000,0x00000000fe200000)
 ParOldGen       total 280064K, used 52993K [0x00000000e0000000, 0x00000000f1180000, 0x00000000f5580000)
  object space 280064K, 18% used [0x00000000e0000000,0x00000000e33c0770,0x00000000f1180000)
 Metaspace       used 75113K, capacity 79470K, committed 79616K, reserved 1118208K
  class space    used 10550K, capacity 11463K, committed 11520K, reserved 1048576K

Card table byte_map: [0x0000000011880000,0x0000000011990000] byte_map_base: 0x0000000011180000

Marking Bits: (ParMarkBitMap*) 0x0000000054045ce0
 Begin Bits: [0x0000000011e40000, 0x0000000012640000)
 End Bits:   [0x0000000012640000, 0x0000000012e40000)

Polling page: 0x00000000001e0000

CodeCache: size=245760Kb used=26641Kb max_used=26641Kb free=219118Kb
 bounds [0x00000000024c0000, 0x0000000003ef0000, 0x00000000114c0000]
 total_blobs=9319 nmethods=8507 adapters=723
 compilation: enabled

Compilation events (10 events):
Event: 88.956 Thread 0x0000000015043800 9895       3       org.gradle.api.internal.tasks.properties.bean.AbstractNestedRuntimeBeanNode$BeanPropertyValue::isConfigurable (13 bytes)
Event: 88.956 Thread 0x0000000015043800 nmethod 9895 0x0000000003ee2dd0 code [0x0000000003ee2f40, 0x0000000003ee31e8]
Event: 88.964 Thread 0x0000000015043800 9896       1       com.google.common.collect.RegularImmutableSet::hashCode (5 bytes)
Event: 88.964 Thread 0x0000000015043800 nmethod 9896 0x0000000003ee2b10 code [0x0000000003ee2c60, 0x0000000003ee2d70]
Event: 88.968 Thread 0x0000000015043800 9897       3       org.gradle.api.internal.tasks.properties.bean.AbstractNestedRuntimeBeanNode$BeanPropertyValue::getUnprocessedValue (10 bytes)
Event: 88.969 Thread 0x0000000015043800 nmethod 9897 0x0000000003ee26d0 code [0x0000000003ee2840, 0x0000000003ee2a68]
Event: 88.969 Thread 0x0000000015043800 9898       3       org.gradle.api.internal.tasks.properties.CompositePropertyVisitor::visitInputProperty (45 bytes)
Event: 88.969 Thread 0x0000000015043800 nmethod 9898 0x0000000003ee20d0 code [0x0000000003ee2240, 0x0000000003ee2568]
Event: 88.969 Thread 0x0000000015043800 9899       3       org.gradle.api.internal.tasks.properties.GetInputPropertiesVisitor::visitInputProperty (18 bytes)
Event: 88.970 Thread 0x0000000015043800 nmethod 9899 0x0000000003ee1890 code [0x0000000003ee1a20, 0x0000000003ee1e48]

GC Heap History (10 events):
Event: 70.867 GC heap before
{Heap before GC invocations=13 (full 2):
 PSYoungGen      total 153600K, used 69565K [0x00000000f5580000, 0x0000000100000000, 0x0000000100000000)
  eden space 139776K, 39% used [0x00000000f5580000,0x00000000f8bf4a78,0x00000000fde00000)
  from space 13824K, 99% used [0x00000000fee80000,0x00000000ffbfab68,0x00000000ffc00000)
  to   space 16896K, 0% used [0x00000000fde00000,0x00000000fde00000,0x00000000fee80000)
 ParOldGen       total 195584K, used 21978K [0x00000000e0000000, 0x00000000ebf00000, 0x00000000f5580000)
  object space 195584K, 11% used [0x00000000e0000000,0x00000000e1576980,0x00000000ebf00000)
 Metaspace       used 56538K, capacity 59016K, committed 59136K, reserved 1099776K
  class space    used 7884K, capacity 8444K, committed 8448K, reserved 1048576K
Event: 70.945 GC heap after
Heap after GC invocations=13 (full 2):
 PSYoungGen      total 156672K, used 16874K [0x00000000f5580000, 0x0000000100000000, 0x0000000100000000)
  eden space 139776K, 0% used [0x00000000f5580000,0x00000000f5580000,0x00000000fde00000)
  from space 16896K, 99% used [0x00000000fde00000,0x00000000fee7ab48,0x00000000fee80000)
  to   space 17920K, 0% used [0x00000000fee80000,0x00000000fee80000,0x0000000100000000)
 ParOldGen       total 195584K, used 25478K [0x00000000e0000000, 0x00000000ebf00000, 0x00000000f5580000)
  object space 195584K, 13% used [0x00000000e0000000,0x00000000e18e1ac0,0x00000000ebf00000)
 Metaspace       used 56538K, capacity 59016K, committed 59136K, reserved 1099776K
  class space    used 7884K, capacity 8444K, committed 8448K, reserved 1048576K
}
Event: 70.945 GC heap before
{Heap before GC invocations=14 (full 3):
 PSYoungGen      total 156672K, used 16874K [0x00000000f5580000, 0x0000000100000000, 0x0000000100000000)
  eden space 139776K, 0% used [0x00000000f5580000,0x00000000f5580000,0x00000000fde00000)
  from space 16896K, 99% used [0x00000000fde00000,0x00000000fee7ab48,0x00000000fee80000)
  to   space 17920K, 0% used [0x00000000fee80000,0x00000000fee80000,0x0000000100000000)
 ParOldGen       total 195584K, used 25478K [0x00000000e0000000, 0x00000000ebf00000, 0x00000000f5580000)
  object space 195584K, 13% used [0x00000000e0000000,0x00000000e18e1ac0,0x00000000ebf00000)
 Metaspace       used 56538K, capacity 59016K, committed 59136K, reserved 1099776K
  class space    used 7884K, capacity 8444K, committed 8448K, reserved 1048576K
Event: 71.498 GC heap after
Heap after GC invocations=14 (full 3):
 PSYoungGen      total 156672K, used 0K [0x00000000f5580000, 0x0000000100000000, 0x0000000100000000)
  eden space 139776K, 0% used [0x00000000f5580000,0x00000000f5580000,0x00000000fde00000)
  from space 16896K, 0% used [0x00000000fde00000,0x00000000fde00000,0x00000000fee80000)
  to   space 17920K, 0% used [0x00000000fee80000,0x00000000fee80000,0x0000000100000000)
 ParOldGen       total 280064K, used 36565K [0x00000000e0000000, 0x00000000f1180000, 0x00000000f5580000)
  object space 280064K, 13% used [0x00000000e0000000,0x00000000e23b56f0,0x00000000f1180000)
 Metaspace       used 56517K, capacity 58944K, committed 59136K, reserved 1099776K
  class space    used 7877K, capacity 8432K, committed 8448K, reserved 1048576K
}
Event: 77.894 GC heap before
{Heap before GC invocations=15 (full 3):
 PSYoungGen      total 156672K, used 139776K [0x00000000f5580000, 0x0000000100000000, 0x0000000100000000)
  eden space 139776K, 100% used [0x00000000f5580000,0x00000000fde00000,0x00000000fde00000)
  from space 16896K, 0% used [0x00000000fde00000,0x00000000fde00000,0x00000000fee80000)
  to   space 17920K, 0% used [0x00000000fee80000,0x00000000fee80000,0x0000000100000000)
 ParOldGen       total 280064K, used 36565K [0x00000000e0000000, 0x00000000f1180000, 0x00000000f5580000)
  object space 280064K, 13% used [0x00000000e0000000,0x00000000e23b56f0,0x00000000f1180000)
 Metaspace       used 61073K, capacity 64278K, committed 64384K, reserved 1103872K
  class space    used 8615K, capacity 9298K, committed 9344K, reserved 1048576K
Event: 77.917 GC heap after
Heap after GC invocations=15 (full 3):
 PSYoungGen      total 151552K, used 15270K [0x00000000f5580000, 0x0000000100000000, 0x0000000100000000)
  eden space 133632K, 0% used [0x00000000f5580000,0x00000000f5580000,0x00000000fd800000)
  from space 17920K, 85% used [0x00000000fee80000,0x00000000ffd699b8,0x0000000100000000)
  to   space 20480K, 0% used [0x00000000fd800000,0x00000000fd800000,0x00000000fec00000)
 ParOldGen       total 280064K, used 36573K [0x00000000e0000000, 0x00000000f1180000, 0x00000000f5580000)
  object space 280064K, 13% used [0x00000000e0000000,0x00000000e23b76f0,0x00000000f1180000)
 Metaspace       used 61073K, capacity 64278K, committed 64384K, reserved 1103872K
  class space    used 8615K, capacity 9298K, committed 9344K, reserved 1048576K
}
Event: 83.093 GC heap before
{Heap before GC invocations=16 (full 3):
 PSYoungGen      total 151552K, used 148902K [0x00000000f5580000, 0x0000000100000000, 0x0000000100000000)
  eden space 133632K, 100% used [0x00000000f5580000,0x00000000fd800000,0x00000000fd800000)
  from space 17920K, 85% used [0x00000000fee80000,0x00000000ffd699b8,0x0000000100000000)
  to   space 20480K, 0% used [0x00000000fd800000,0x00000000fd800000,0x00000000fec00000)
 ParOldGen       total 280064K, used 36573K [0x00000000e0000000, 0x00000000f1180000, 0x00000000f5580000)
  object space 280064K, 13% used [0x00000000e0000000,0x00000000e23b76f0,0x00000000f1180000)
 Metaspace       used 69377K, capacity 72952K, committed 73088K, reserved 1112064K
  class space    used 9776K, capacity 10562K, committed 10624K, reserved 1048576K
Event: 83.159 GC heap after
Heap after GC invocations=16 (full 3):
 PSYoungGen      total 154112K, used 20457K [0x00000000f5580000, 0x0000000100000000, 0x0000000100000000)
  eden space 133632K, 0% used [0x00000000f5580000,0x00000000f5580000,0x00000000fd800000)
  from space 20480K, 99% used [0x00000000fd800000,0x00000000febfa4c0,0x00000000fec00000)
  to   space 20480K, 0% used [0x00000000fec00000,0x00000000fec00000,0x0000000100000000)
 ParOldGen       total 280064K, used 42239K [0x00000000e0000000, 0x00000000f1180000, 0x00000000f5580000)
  object space 280064K, 15% used [0x00000000e0000000,0x00000000e293fd58,0x00000000f1180000)
 Metaspace       used 69377K, capacity 72952K, committed 73088K, reserved 1112064K
  class space    used 9776K, capacity 10562K, committed 10624K, reserved 1048576K
}
Event: 88.347 GC heap before
{Heap before GC invocations=17 (full 3):
 PSYoungGen      total 154112K, used 154089K [0x00000000f5580000, 0x0000000100000000, 0x0000000100000000)
  eden space 133632K, 100% used [0x00000000f5580000,0x00000000fd800000,0x00000000fd800000)
  from space 20480K, 99% used [0x00000000fd800000,0x00000000febfa4c0,0x00000000fec00000)
  to   space 20480K, 0% used [0x00000000fec00000,0x00000000fec00000,0x0000000100000000)
 ParOldGen       total 280064K, used 42239K [0x00000000e0000000, 0x00000000f1180000, 0x00000000f5580000)
  object space 280064K, 15% used [0x00000000e0000000,0x00000000e293fd58,0x00000000f1180000)
 Metaspace       used 74953K, capacity 79296K, committed 79616K, reserved 1118208K
  class space    used 10538K, capacity 11454K, committed 11520K, reserved 1048576K
Event: 88.495 GC heap after
Heap after GC invocations=17 (full 3):
 PSYoungGen      total 133632K, used 20477K [0x00000000f5580000, 0x0000000100000000, 0x0000000100000000)
  eden space 113152K, 0% used [0x00000000f5580000,0x00000000f5580000,0x00000000fc400000)
  from space 20480K, 99% used [0x00000000fec00000,0x00000000fffff4f0,0x0000000100000000)
  to   space 30720K, 0% used [0x00000000fc400000,0x00000000fc400000,0x00000000fe200000)
 ParOldGen       total 280064K, used 52993K [0x00000000e0000000, 0x00000000f1180000, 0x00000000f5580000)
  object space 280064K, 18% used [0x00000000e0000000,0x00000000e33c0770,0x00000000f1180000)
 Metaspace       used 74953K, capacity 79296K, committed 79616K, reserved 1118208K
  class space    used 10538K, capacity 11454K, committed 11520K, reserved 1048576K
}

Deoptimization events (10 events):
Event: 87.219 Thread 0x0000000016230000 Uncommon trap: reason=unstable_if action=reinterpret pc=0x0000000002c251a0 method=java.util.concurrent.ConcurrentHashMap.get(Ljava/lang/Object;)Ljava/lang/Object; @ 86
Event: 87.298 Thread 0x0000000016236000 Uncommon trap: reason=unstable_if action=reinterpret pc=0x0000000003113928 method=java.lang.String$CaseInsensitiveComparator.compare(Ljava/lang/String;Ljava/lang/String;)I @ 70
Event: 87.298 Thread 0x0000000016236000 Uncommon trap: reason=unstable_if action=reinterpret pc=0x00000000027ade3c method=java.lang.String$CaseInsensitiveComparator.compare(Ljava/lang/String;Ljava/lang/String;)I @ 70
Event: 87.327 Thread 0x0000000018747000 Uncommon trap: reason=unstable_if action=reinterpret pc=0x00000000038254fc method=com.esotericsoftware.kryo.io.Input.readVarInt(Z)I @ 42
Event: 87.546 Thread 0x0000000016236000 Uncommon trap: reason=unstable_if action=reinterpret pc=0x000000000373bad4 method=org.gradle.internal.time.MonotonicClock.advance(J)J @ 25
Event: 87.921 Thread 0x0000000016233800 Uncommon trap: reason=unstable_if action=reinterpret pc=0x000000000396a110 method=java.util.concurrent.ConcurrentLinkedQueue.offer(Ljava/lang/Object;)Z @ 40
Event: 87.950 Thread 0x0000000024e65800 Uncommon trap: reason=unstable_if action=reinterpret pc=0x00000000026a31c0 method=java.util.concurrent.ConcurrentHashMap.transfer([Ljava/util/concurrent/ConcurrentHashMap$Node;[Ljava/util/concurrent/ConcurrentHashMap$Node;)V @ 351
Event: 87.968 Thread 0x0000000016233800 Uncommon trap: reason=unstable_if action=reinterpret pc=0x0000000003df2a1c method=java.util.concurrent.ConcurrentLinkedQueue.poll()Ljava/lang/Object; @ 25
Event: 88.591 Thread 0x0000000016233800 Uncommon trap: reason=unstable_if action=reinterpret pc=0x00000000030b4d9c method=java.util.concurrent.ConcurrentLinkedQueue.updateHead(Ljava/util/concurrent/ConcurrentLinkedQueue$Node;Ljava/util/concurrent/ConcurrentLinkedQueue$Node;)V @ 11
Event: 88.668 Thread 0x0000000016236000 Uncommon trap: reason=unstable_if action=reinterpret pc=0x0000000003e8eea0 method=java.util.concurrent.locks.LockSupport.unpark(Ljava/lang/Thread;)V @ 1

Classes redefined (0 events):
No events

Internal exceptions (10 events):
Event: 87.163 Thread 0x0000000024e65800 Exception <a 'java/lang/NoSuchMethodError': java.lang.Object.lambda$flatMap$4(Ljava/util/function/Function;)Lorg/gradle/api/internal/artifacts/transform/CacheableInvocation;> (0x00000000fa9c5a58) thrown at [C:\re\workspace\8-2-build-windows-amd64-cygwin\j
Event: 87.164 Thread 0x0000000016236000 Exception <a 'java/lang/NoSuchMethodError': java.lang.Object.lambda$flatMap$3(Ljava/util/function/Function;)Lorg/gradle/internal/Try;> (0x00000000fa9d61e0) thrown at [C:\re\workspace\8-2-build-windows-amd64-cygwin\jdk8u211\12973\hotspot\src\share\vm\inter
Event: 87.164 Thread 0x0000000016230000 Exception <a 'java/lang/NoSuchMethodError': java.lang.Object.lambda$flatMap$3(Ljava/util/function/Function;)Lorg/gradle/internal/Try;> (0x00000000fa9b02b0) thrown at [C:\re\workspace\8-2-build-windows-amd64-cygwin\jdk8u211\12973\hotspot\src\share\vm\inter
Event: 87.201 Thread 0x0000000016230000 Exception <a 'java/lang/NoSuchMethodError': java.lang.Object.lambda$flatMap$2(Ljava/util/function/Function;Ljava/lang/Object;)Lorg/gradle/internal/Try;> (0x00000000fab36c08) thrown at [C:\re\workspace\8-2-build-windows-amd64-cygwin\jdk8u211\12973\hotspot\
Event: 87.201 Thread 0x0000000016233800 Exception <a 'java/lang/NoSuchMethodError': java.lang.Object.lambda$flatMap$2(Ljava/util/function/Function;Ljava/lang/Object;)Lorg/gradle/internal/Try;> (0x00000000fab20240) thrown at [C:\re\workspace\8-2-build-windows-amd64-cygwin\jdk8u211\12973\hotspot\
Event: 87.201 Thread 0x0000000016236000 Exception <a 'java/lang/NoSuchMethodError': java.lang.Object.lambda$flatMap$2(Ljava/util/function/Function;Ljava/lang/Object;)Lorg/gradle/internal/Try;> (0x00000000fab584a8) thrown at [C:\re\workspace\8-2-build-windows-amd64-cygwin\jdk8u211\12973\hotspot\
Event: 87.201 Thread 0x0000000024e65800 Exception <a 'java/lang/NoSuchMethodError': java.lang.Object.lambda$flatMap$2(Ljava/util/function/Function;Ljava/lang/Object;)Lorg/gradle/internal/Try;> (0x00000000fab55080) thrown at [C:\re\workspace\8-2-build-windows-amd64-cygwin\jdk8u211\12973\hotspot\
Event: 87.682 Thread 0x0000000016233800 Exception <a 'java/lang/NoSuchMethodError': java.lang.Object.lambda$flatMap$0(Ljava/lang/Throwable;)Lorg/gradle/api/internal/artifacts/transform/CacheableInvocation;> (0x00000000fbd70178) thrown at [C:\re\workspace\8-2-build-windows-amd64-cygwin\jdk8u211\
Event: 88.813 Thread 0x0000000024e68800 Exception <a 'java/lang/NoSuchMethodError': <clinit>> (0x00000000f61b30d8) thrown at [C:\re\workspace\8-2-build-windows-amd64-cygwin\jdk8u211\12973\hotspot\src\share\vm\prims\jni.cpp, line 1614]
Event: 88.816 Thread 0x0000000024e68800 Exception <a 'java/lang/NoSuchMethodError': <clinit>> (0x00000000f61c24b0) thrown at [C:\re\workspace\8-2-build-windows-amd64-cygwin\jdk8u211\12973\hotspot\src\share\vm\prims\jni.cpp, line 1614]

Events (10 events):
Event: 88.835 loading class java/util/stream/ReferencePipeline$StatefulOp done
Event: 88.835 loading class java/util/stream/SortedOps$OfRef done
Event: 88.835 Executing VM operation: Deoptimize
Event: 88.843 Executing VM operation: Deoptimize done
Event: 88.844 loading class java/util/Comparators$NaturalOrderComparator
Event: 88.844 loading class java/util/Comparators$NaturalOrderComparator done
Event: 88.848 loading class java/util/stream/SortedOps$SizedRefSortingSink
Event: 88.849 loading class java/util/stream/SortedOps$AbstractRefSortingSink
Event: 88.849 loading class java/util/stream/SortedOps$AbstractRefSortingSink done
Event: 88.849 loading class java/util/stream/SortedOps$SizedRefSortingSink done


Dynamic libraries:
0x00007ff79e0c0000 - 0x00007ff79e0f7000 	C:\Program Files\Java\jdk1.8.0_211\bin\java.exe
0x00007ffe958e0000 - 0x00007ffe95ad0000 	C:\WINDOWS\SYSTEM32\ntdll.dll
0x00007ffe93980000 - 0x00007ffe93a32000 	C:\WINDOWS\System32\KERNEL32.DLL
0x00007ffe936b0000 - 0x00007ffe93956000 	C:\WINDOWS\System32\KERNELBASE.dll
0x00007ffe95130000 - 0x00007ffe951d3000 	C:\WINDOWS\System32\ADVAPI32.dll
0x00007ffe93a60000 - 0x00007ffe93afe000 	C:\WINDOWS\System32\msvcrt.dll
0x00007ffe95800000 - 0x00007ffe95897000 	C:\WINDOWS\System32\sechost.dll
0x00007ffe95010000 - 0x00007ffe9512f000 	C:\WINDOWS\System32\RPCRT4.dll
0x00007ffe95660000 - 0x00007ffe957f4000 	C:\WINDOWS\System32\USER32.dll
0x00007ffe93680000 - 0x00007ffe936a1000 	C:\WINDOWS\System32\win32u.dll
0x00007ffe951e0000 - 0x00007ffe95206000 	C:\WINDOWS\System32\GDI32.dll
0x00007ffe93190000 - 0x00007ffe93328000 	C:\WINDOWS\System32\gdi32full.dll
0x00007ffe92fc0000 - 0x00007ffe9305e000 	C:\WINDOWS\System32\msvcp_win.dll
0x00007ffe93520000 - 0x00007ffe9361a000 	C:\WINDOWS\System32\ucrtbase.dll
0x00007ffe81c70000 - 0x00007ffe81ef4000 	C:\WINDOWS\WinSxS\amd64_microsoft.windows.common-controls_6595b64144ccf1df_6.0.18362.1734_none_9e7c63e3e45fdc87\COMCTL32.dll
0x00007ffe94c00000 - 0x00007ffe94f36000 	C:\WINDOWS\System32\combase.dll
0x00007ffe93330000 - 0x00007ffe933b4000 	C:\WINDOWS\System32\bcryptPrimitives.dll
0x00007ffe93d00000 - 0x00007ffe93d2e000 	C:\WINDOWS\System32\IMM32.DLL
0x00000000540d0000 - 0x00000000541a2000 	C:\Program Files\Java\jdk1.8.0_211\jre\bin\msvcr100.dll
0x0000000053820000 - 0x00000000540c5000 	C:\Program Files\Java\jdk1.8.0_211\jre\bin\server\jvm.dll
0x00007ffe94480000 - 0x00007ffe94488000 	C:\WINDOWS\System32\PSAPI.DLL
0x00007ffe8f4d0000 - 0x00007ffe8f4d9000 	C:\WINDOWS\SYSTEM32\WSOCK32.dll
0x00007ffe94f40000 - 0x00007ffe94faf000 	C:\WINDOWS\System32\WS2_32.dll
0x00007ffe8e190000 - 0x00007ffe8e1b4000 	C:\WINDOWS\SYSTEM32\WINMM.dll
0x00007ffe86560000 - 0x00007ffe8656a000 	C:\WINDOWS\SYSTEM32\VERSION.dll
0x00007ffe8e160000 - 0x00007ffe8e18d000 	C:\WINDOWS\SYSTEM32\WINMMBASE.dll
0x00007ffe93110000 - 0x00007ffe9315a000 	C:\WINDOWS\System32\cfgmgr32.dll
0x00007ffe8f510000 - 0x00007ffe8f51f000 	C:\Program Files\Java\jdk1.8.0_211\jre\bin\verify.dll
0x00007ffe8f4a0000 - 0x00007ffe8f4c9000 	C:\Program Files\Java\jdk1.8.0_211\jre\bin\java.dll
0x00007ffe8f4e0000 - 0x00007ffe8f4f6000 	C:\Program Files\Java\jdk1.8.0_211\jre\bin\zip.dll
0x00007ffe93d90000 - 0x00007ffe94477000 	C:\WINDOWS\System32\SHELL32.dll
0x00007ffe93c50000 - 0x00007ffe93cf9000 	C:\WINDOWS\System32\shcore.dll
0x00007ffe92840000 - 0x00007ffe92fbb000 	C:\WINDOWS\System32\windows.storage.dll
0x00007ffe927b0000 - 0x00007ffe927ce000 	C:\WINDOWS\System32\profapi.dll
0x00007ffe927f0000 - 0x00007ffe9283a000 	C:\WINDOWS\System32\powrprof.dll
0x00007ffe92780000 - 0x00007ffe92790000 	C:\WINDOWS\System32\UMPDC.dll
0x00007ffe94fb0000 - 0x00007ffe95002000 	C:\WINDOWS\System32\shlwapi.dll
0x00007ffe92790000 - 0x00007ffe927a1000 	C:\WINDOWS\System32\kernel.appcore.dll
0x00007ffe93960000 - 0x00007ffe93977000 	C:\WINDOWS\System32\cryptsp.dll
0x00007ffe8e540000 - 0x00007ffe8e55a000 	C:\Program Files\Java\jdk1.8.0_211\jre\bin\net.dll
0x00007ffe85290000 - 0x00007ffe85465000 	C:\WINDOWS\SYSTEM32\urlmon.dll
0x00007ffe86290000 - 0x00007ffe86537000 	C:\WINDOWS\SYSTEM32\iertutil.dll
0x00007ffe851e0000 - 0x00007ffe85206000 	C:\WINDOWS\SYSTEM32\srvcli.dll
0x00007ffe91df0000 - 0x00007ffe91dfc000 	C:\WINDOWS\SYSTEM32\netutils.dll
0x00007ffe921a0000 - 0x00007ffe921ac000 	C:\WINDOWS\SYSTEM32\CRYPTBASE.DLL
0x00007ffe91fd0000 - 0x00007ffe92037000 	C:\WINDOWS\system32\mswsock.dll
0x00007ffe8b0c0000 - 0x00007ffe8b0d2000 	C:\Program Files\Java\jdk1.8.0_211\jre\bin\nio.dll
0x00007ffe80990000 - 0x00007ffe809b7000 	C:\Users\ShahZain\.gradle\native\49d0259a56938c7f99b2704e745ce422c4f750a7a20b539a32ccef96729676b1\windows-amd64\native-platform.dll
0x00007ffe5f7c0000 - 0x00007ffe5f956000 	C:\Users\ShahZain\.gradle\native\12488b8bf47d2d4c9fbf2f6322a914ad602e24e48041cd04a747c6da556b65c4\windows-amd64\native-platform-file-events.dll
0x00007ffe86090000 - 0x00007ffe8609d000 	C:\Program Files\Java\jdk1.8.0_211\jre\bin\management.dll
0x00007ffe91b50000 - 0x00007ffe91b83000 	C:\WINDOWS\system32\rsaenh.dll
0x00007ffe93160000 - 0x00007ffe93186000 	C:\WINDOWS\System32\bcrypt.dll
0x00007ffe926a0000 - 0x00007ffe926c5000 	C:\WINDOWS\SYSTEM32\USERENV.dll
0x00007ffe91ce0000 - 0x00007ffe91d1a000 	C:\WINDOWS\SYSTEM32\IPHLPAPI.DLL
0x00007ffe93c40000 - 0x00007ffe93c48000 	C:\WINDOWS\System32\NSI.dll
0x00007ffe84ac0000 - 0x00007ffe84ad6000 	C:\WINDOWS\SYSTEM32\dhcpcsvc6.DLL
0x00007ffe86540000 - 0x00007ffe8655c000 	C:\WINDOWS\SYSTEM32\dhcpcsvc.DLL
0x00007ffe91d20000 - 0x00007ffe91dea000 	C:\WINDOWS\SYSTEM32\DNSAPI.dll

VM Arguments:
jvm_args: -XX:MaxMetaspaceSize=256m -XX:+HeapDumpOnOutOfMemoryError -Xms256m -Xmx512m -Dfile.encoding=windows-1252 -Duser.country=US -Duser.language=en -Duser.variant 
java_command: org.gradle.launcher.daemon.bootstrap.GradleDaemon 6.9
java_class_path (initial): C:\Users\ShahZain\.gradle\wrapper\dists\gradle-6.9-all\dooywd8nv05k16orzxge2b1bs\gradle-6.9\lib\gradle-launcher-6.9.jar
Launcher Type: SUN_STANDARD

Environment Variables:
JAVA_HOME=C:\Program Files\Java\jdk1.8.0_211
CLASSPATH=F:\Appcrates\React native\noxsky\android\\gradle\wrapper\gradle-wrapper.jar
PATH=F:\Appcrates\React native\noxsky\android\node_modules\.bin;F:\Appcrates\React native\noxsky\node_modules\.bin;F:\Appcrates\React native\node_modules\.bin;F:\Appcrates\node_modules\.bin;F:\node_modules\.bin;C:\Program Files\nodejs;F:\Appcrates\React native\noxsky\node_modules\.bin;C:\Program Files\Common Files\Oracle\Java\javapath;F:\app\shahzain29\product\12.1.0\dbhome_1\bin;C:\Program Files (x86)\Common Files\Oracle\Java\javapath;C:\WINDOWS\system32;C:\WINDOWS;C:\WINDOWS\System32\Wbem;C:\WINDOWS\System32\WindowsPowerShell\v1.0\;C:\WINDOWS\System32\OpenSSH\;C:\Program Files\dotnet\;C:\Program Files\Microsoft SQL Server\130\Tools\Binn\;C:\ProgramData\chocolatey\bin;C:\Program Files\Java\jdk1.8.0_211\bin;E:\Xamp\php;C:\Program Files\nodejs\;C:\Users\ShahZain\AppData\Local\Microsoft\WindowsApps;C:\Users\ShahZain\AppData\Local\Programs\Microsoft VS Code\bin;C:\xampp\php;C:\Users\ShahZain\AppData\Roaming\Composer\vendor\bin;C:\src\flutter\bin;C:\Users\ShahZain\AppData\Roaming\npm
USERNAME=ShahZain
OS=Windows_NT
PROCESSOR_IDENTIFIER=Intel64 Family 6 Model 61 Stepping 4, GenuineIntel



---------------  S Y S T E M  ---------------

OS: Windows 10.0 , 64 bit Build 18362 (10.0.18362.1714)

CPU:total 4 (initial active 4) (2 cores per cpu, 2 threads per core) family 6 model 61 stepping 4, cmov, cx8, fxsr, mmx, sse, sse2, sse3, ssse3, sse4.1, sse4.2, popcnt, avx, avx2, aes, clmul, erms, 3dnowpref, lzcnt, ht, tsc, tscinvbit, bmi1, bmi2, adx

Memory: 4k page, physical 8307120k(238628k free), swap 16121388k(6640k free)

vm_info: Java HotSpot(TM) 64-Bit Server VM (25.211-b12) for windows-amd64 JRE (1.8.0_211-b12), built on Apr  1 2019 20:53:26 by "java_re" with MS VC++ 10.0 (VS2010)

time: Wed Sep 15 11:46:36 2021
timezone: Pakistan Standard Time
elapsed time: 89 seconds (0d 0h 1m 29s)

